<?xml version="1.0" encoding="UTF-8"?>
<!-- Generated by org.testng.reporters.JUnitXMLReporter -->
<testsuite ignored="2" hostname="DESKTOP-IEA4V1C" failures="1" tests="1" name="Test" time="1.187" errors="0" timestamp="2021-11-06T21:06:30 PDT">
  <testcase classname="COM.VTIGER.TESTCASE.CreateContactWithOrganisation" name="createContactWithOrganisation" time="1.035">
    <failure type="java.lang.NullPointerException" message="Cannot invoke &amp;quot;org.openqa.selenium.WebDriver.findElement(org.openqa.selenium.By)&amp;quot; because &amp;quot;COM.VTIGER.TESTCASE.CreateContactWithOrganisation.driver&amp;quot; is null">
      <![CDATA[java.lang.NullPointerException: Cannot invoke "org.openqa.selenium.WebDriver.findElement(org.openqa.selenium.By)" because "COM.VTIGER.TESTCASE.CreateContactWithOrganisation.driver" is null
at COM.VTIGER.TESTCASE.CreateContactWithOrganisation.createContactWithOrganisation(CreateContactWithOrganisation.java:36)
at java.base/java.util.ArrayList.forEach(ArrayList.java:1511)
... Removed 27 stack frames]]>
    </failure>
  </testcase> <!-- createContactWithOrganisation -->
  <testcase classname="COM.VTIGER.TESTCASE.CreateOrganisationTest1" name="createorganizationTest1" time="0.0">
    <ignored/>
  </testcase> <!-- createorganizationTest1 -->
  <testcase classname="COM.VTIGER.TESTCASE.CreateOrganisationWithIndustry" name="createOrganisationWithIndustry" time="0.0">
    <ignored/>
  </testcase> <!-- createOrganisationWithIndustry -->
</testsuite> <!-- Test -->
